<?xml version="1.0" encoding="UTF-8"?>
<!-- Generated by org.testng.reporters.JUnitXMLReporter -->
<testsuite ignored="0" hostname="D-113124373" failures="0" tests="8" name="Default test" time="64.327" errors="0" timestamp="2023-03-03T12:00:50 IST">
  <testcase classname="com.wipro.testcases.PlaceOrder" name="loginTest" time="4.811"/>
  <testcase classname="com.wipro.testcases.PlaceOrder" name="selectDesktopTest" time="7.185"/>
  <testcase classname="com.wipro.testcases.PlaceOrder" name="addToCartTest" time="20.097"/>
  <testcase classname="com.wipro.testcases.PlaceOrder" name="clickShoppingCartTest" time="2.997"/>
  <testcase classname="com.wipro.testcases.PlaceOrder" name="clickCheckoutTest" time="8.733"/>
  <testcase classname="com.wipro.testcases.PlaceOrder" name="makePaymentTest" time="6.216"/>
  <testcase classname="com.wipro.testcases.PlaceOrder" name="clickConfirmTest" time="1.09"/>
  <testcase classname="com.wipro.testcases.PlaceOrder" name="valiadteLogout" time="1.366"/>
</testsuite> <!-- Default test -->
