<?xml version="1.0" encoding="UTF-8"?>
<!-- Generated by org.testng.reporters.JUnitXMLReporter -->
<testsuite ignored="0" hostname="D-113124373" failures="0" tests="13" name="Test" time="150.273" errors="0" timestamp="2023-03-06T10:10:04 IST">
  <testcase classname="com.wipro.testcases.AccountRegister" name="createAccount" time="10.486"/>
  <testcase classname="io.cucumber.testng.AbstractTestNGCucumberTests" name="runScenario" time="31.232"/>
  <testcase classname="com.wipro.testcases.PlaceOrder" name="loginTest" time="4.849"/>
  <testcase classname="com.wipro.testcases.PlaceOrder" name="selectDesktopTest" time="6.811"/>
  <testcase classname="com.wipro.testcases.PlaceOrder" name="addToCartTest" time="10.109"/>
  <testcase classname="com.wipro.testcases.PlaceOrder" name="clickShoppingCartTest" time="3.13"/>
  <testcase classname="com.wipro.testcases.PlaceOrder" name="clickCheckoutTest" time="8.775"/>
  <testcase classname="com.wipro.testcases.PlaceOrder" name="makePaymentTest" time="6.346"/>
  <testcase classname="com.wipro.testcases.PlaceOrder" name="clickConfirmTest" time="1.313"/>
  <testcase classname="com.wipro.testcases.PlaceOrder" name="valiadteLogout" time="6.48"/>
  <testcase classname="com.wipro.testcases.ValidateMenu" name="loginTest" time="4.714"/>
  <testcase classname="com.wipro.testcases.ValidateMenu" name="valiadteLogout" time="5.951"/>
  <testcase classname="com.wipro.testcases.ValidateMenu" name="validateMenuTest" time="13.608"/>
</testsuite> <!-- Test -->
