<?xml version="1.0" encoding="UTF-8"?>
<testsuite name="Test"
           tests="3"
           failures="0"
           errors="0"
           skipped="0"
           time="24.273">
  <properties />
  
  
            <testcase name="valiadteLogout" time="5.951" classname="com.wipro.testcases.ValidateMenu" />
                <testcase name="loginTest" time="4.714" classname="com.wipro.testcases.ValidateMenu" />
                <testcase name="validateMenuTest" time="13.608" classname="com.wipro.testcases.ValidateMenu" />
      
</testsuite>
