<?xml version="1.0" encoding="UTF-8"?>
<testsuite name="Test"
           tests="8"
           failures="0"
           errors="0"
           skipped="0"
           time="47.813">
  <properties />
  
  
            <testcase name="makePaymentTest" time="6.346" classname="com.wipro.testcases.PlaceOrder" />
                <testcase name="loginTest" time="4.849" classname="com.wipro.testcases.PlaceOrder" />
                <testcase name="clickConfirmTest" time="1.313" classname="com.wipro.testcases.PlaceOrder" />
                <testcase name="clickCheckoutTest" time="8.775" classname="com.wipro.testcases.PlaceOrder" />
                <testcase name="addToCartTest" time="10.109" classname="com.wipro.testcases.PlaceOrder" />
                <testcase name="clickShoppingCartTest" time="3.130" classname="com.wipro.testcases.PlaceOrder" />
                <testcase name="selectDesktopTest" time="6.811" classname="com.wipro.testcases.PlaceOrder" />
                <testcase name="valiadteLogout" time="6.480" classname="com.wipro.testcases.PlaceOrder" />
      
</testsuite>
