<?xml version="1.0" encoding="UTF-8"?>
<testng-results ignored="0" total="13" passed="13" failed="0" skipped="0">
  <reporter-output>
  </reporter-output>
  <suite started-at="2023-03-06T10:07:34 IST" name="Suite" finished-at="2023-03-06T10:10:04 IST" duration-ms="150273">
    <groups>
      <group name="cucumber">
        <method signature="AbstractTestNGCucumberTests.runScenario(io.cucumber.testng.PickleWrapper,io.cucumber.testng.FeatureWrapper)[pri:0, instance:com.wipro.testcases.AddAddress@5b7a7f33]" name="runScenario" class="io.cucumber.testng.AbstractTestNGCucumberTests"/>
      </group> <!-- cucumber -->
    </groups>
    <test started-at="2023-03-06T10:07:34 IST" name="Test" finished-at="2023-03-06T10:10:04 IST" duration-ms="150273">
      <class name="com.wipro.testcases.AccountRegister">
        <test-method is-config="true" signature="beforeClass()[pri:0, instance:com.wipro.testcases.AccountRegister@55cb6996]" started-at="2023-03-06T10:07:34 IST" name="beforeClass" finished-at="2023-03-06T10:07:41 IST" duration-ms="7077" status="PASS">
          <reporter-output>
          </reporter-output>
        </test-method> <!-- beforeClass -->
        <test-method signature="createAccount(java.lang.String,java.lang.String,java.lang.String,java.lang.String,java.lang.String)[pri:0, instance:com.wipro.testcases.AccountRegister@55cb6996]" started-at="2023-03-06T10:07:42 IST" name="createAccount" data-provider="dp" finished-at="2023-03-06T10:07:52 IST" duration-ms="10486" status="PASS">
          <params>
            <param index="0">
              <value>
                <![CDATA[Shubham]]>
              </value>
            </param>
            <param index="1">
              <value>
                <![CDATA[Tange]]>
              </value>
            </param>
            <param index="2">
              <value>
                <![CDATA[shubhamtange167@gmail.com]]>
              </value>
            </param>
            <param index="3">
              <value>
                <![CDATA[Shubham@123]]>
              </value>
            </param>
            <param index="4">
              <value>
                <![CDATA[Shubham@123]]>
              </value>
            </param>
          </params>
          <reporter-output>
          </reporter-output>
        </test-method> <!-- createAccount -->
        <test-method is-config="true" signature="afterClass()[pri:0, instance:com.wipro.testcases.AccountRegister@55cb6996]" started-at="2023-03-06T10:07:52 IST" name="afterClass" finished-at="2023-03-06T10:07:58 IST" duration-ms="5442" status="PASS">
          <reporter-output>
          </reporter-output>
        </test-method> <!-- afterClass -->
      </class> <!-- com.wipro.testcases.AccountRegister -->
      <class name="com.wipro.testcases.PlaceOrder">
        <test-method is-config="true" signature="beforeClass()[pri:0, instance:com.wipro.testcases.PlaceOrder@57bc27f5]" started-at="2023-03-06T10:08:29 IST" name="beforeClass" finished-at="2023-03-06T10:08:36 IST" duration-ms="6692" status="PASS">
          <reporter-output>
          </reporter-output>
        </test-method> <!-- beforeClass -->
        <test-method signature="loginTest(java.lang.String,java.lang.String)[pri:0, instance:com.wipro.testcases.PlaceOrder@57bc27f5]" started-at="2023-03-06T10:08:36 IST" name="loginTest" data-provider="dp" finished-at="2023-03-06T10:08:41 IST" duration-ms="4849" status="PASS">
          <params>
            <param index="0">
              <value>
                <![CDATA[shubhamtange167@gmail.com]]>
              </value>
            </param>
            <param index="1">
              <value>
                <![CDATA[Shubham@123]]>
              </value>
            </param>
          </params>
          <reporter-output>
          </reporter-output>
        </test-method> <!-- loginTest -->
        <test-method signature="selectDesktopTest()[pri:1, instance:com.wipro.testcases.PlaceOrder@57bc27f5]" started-at="2023-03-06T10:08:41 IST" name="selectDesktopTest" finished-at="2023-03-06T10:08:48 IST" duration-ms="6811" status="PASS">
          <reporter-output>
          </reporter-output>
        </test-method> <!-- selectDesktopTest -->
        <test-method signature="addToCartTest()[pri:2, instance:com.wipro.testcases.PlaceOrder@57bc27f5]" started-at="2023-03-06T10:08:48 IST" name="addToCartTest" finished-at="2023-03-06T10:08:58 IST" duration-ms="10109" status="PASS">
          <reporter-output>
          </reporter-output>
        </test-method> <!-- addToCartTest -->
        <test-method signature="clickShoppingCartTest()[pri:3, instance:com.wipro.testcases.PlaceOrder@57bc27f5]" started-at="2023-03-06T10:08:58 IST" name="clickShoppingCartTest" finished-at="2023-03-06T10:09:01 IST" duration-ms="3130" status="PASS">
          <reporter-output>
          </reporter-output>
        </test-method> <!-- clickShoppingCartTest -->
        <test-method signature="clickCheckoutTest()[pri:4, instance:com.wipro.testcases.PlaceOrder@57bc27f5]" started-at="2023-03-06T10:09:01 IST" name="clickCheckoutTest" finished-at="2023-03-06T10:09:10 IST" duration-ms="8775" status="PASS">
          <reporter-output>
          </reporter-output>
        </test-method> <!-- clickCheckoutTest -->
        <test-method signature="makePaymentTest()[pri:5, instance:com.wipro.testcases.PlaceOrder@57bc27f5]" started-at="2023-03-06T10:09:10 IST" name="makePaymentTest" finished-at="2023-03-06T10:09:16 IST" duration-ms="6346" status="PASS">
          <reporter-output>
          </reporter-output>
        </test-method> <!-- makePaymentTest -->
        <test-method signature="clickConfirmTest()[pri:6, instance:com.wipro.testcases.PlaceOrder@57bc27f5]" started-at="2023-03-06T10:09:16 IST" name="clickConfirmTest" finished-at="2023-03-06T10:09:17 IST" duration-ms="1313" status="PASS">
          <reporter-output>
          </reporter-output>
        </test-method> <!-- clickConfirmTest -->
        <test-method signature="valiadteLogout()[pri:7, instance:com.wipro.testcases.PlaceOrder@57bc27f5]" started-at="2023-03-06T10:09:17 IST" name="valiadteLogout" finished-at="2023-03-06T10:09:24 IST" duration-ms="6480" status="PASS">
          <reporter-output>
          </reporter-output>
        </test-method> <!-- valiadteLogout -->
        <test-method is-config="true" signature="afterClass()[pri:0, instance:com.wipro.testcases.PlaceOrder@57bc27f5]" started-at="2023-03-06T10:09:24 IST" name="afterClass" finished-at="2023-03-06T10:09:29 IST" duration-ms="5454" status="PASS">
          <reporter-output>
          </reporter-output>
        </test-method> <!-- afterClass -->
      </class> <!-- com.wipro.testcases.PlaceOrder -->
      <class name="com.wipro.testcases.AddAddress">
        <test-method is-config="true" signature="setUpClass(org.testng.ITestContext)[pri:0, instance:com.wipro.testcases.AddAddress@5b7a7f33]" started-at="2023-03-06T10:07:58 IST" name="setUpClass" finished-at="2023-03-06T10:07:58 IST" duration-ms="204" status="PASS">
          <params>
            <param index="0">
              <value>
                <![CDATA[org.testng.TestRunner@23bd0c81]]>
              </value>
            </param>
          </params>
          <reporter-output>
          </reporter-output>
        </test-method> <!-- setUpClass -->
        <test-method signature="runScenario(io.cucumber.testng.PickleWrapper,io.cucumber.testng.FeatureWrapper)[pri:0, instance:com.wipro.testcases.AddAddress@5b7a7f33]" started-at="2023-03-06T10:07:58 IST" name="runScenario" description="Runs Cucumber Scenarios" data-provider="scenarios" finished-at="2023-03-06T10:08:29 IST" duration-ms="31232" status="PASS">
          <params>
            <param index="0">
              <value>
                <![CDATA["To validate add address functionality"]]>
              </value>
            </param>
            <param index="1">
              <value>
                <![CDATA["Add Address"]]>
              </value>
            </param>
          </params>
          <reporter-output>
          </reporter-output>
        </test-method> <!-- runScenario -->
        <test-method is-config="true" signature="tearDownClass()[pri:0, instance:com.wipro.testcases.AddAddress@5b7a7f33]" started-at="2023-03-06T10:08:29 IST" name="tearDownClass" finished-at="2023-03-06T10:08:29 IST" duration-ms="7" status="PASS">
          <reporter-output>
          </reporter-output>
        </test-method> <!-- tearDownClass -->
      </class> <!-- com.wipro.testcases.AddAddress -->
      <class name="com.wipro.testcases.ValidateMenu">
        <test-method is-config="true" signature="beforeClass()[pri:0, instance:com.wipro.testcases.ValidateMenu@5fb759d6]" started-at="2023-03-06T10:09:29 IST" name="beforeClass" finished-at="2023-03-06T10:09:34 IST" duration-ms="5187" status="PASS">
          <reporter-output>
          </reporter-output>
        </test-method> <!-- beforeClass -->
        <test-method signature="loginTest(java.lang.String,java.lang.String)[pri:0, instance:com.wipro.testcases.ValidateMenu@5fb759d6]" started-at="2023-03-06T10:09:34 IST" name="loginTest" data-provider="dp" finished-at="2023-03-06T10:09:39 IST" duration-ms="4714" status="PASS">
          <params>
            <param index="0">
              <value>
                <![CDATA[shubhamtange167@gmail.com]]>
              </value>
            </param>
            <param index="1">
              <value>
                <![CDATA[Shubham@123]]>
              </value>
            </param>
          </params>
          <reporter-output>
          </reporter-output>
        </test-method> <!-- loginTest -->
        <test-method signature="valiadteLogout()[pri:1, instance:com.wipro.testcases.ValidateMenu@5fb759d6]" started-at="2023-03-06T10:09:39 IST" name="valiadteLogout" finished-at="2023-03-06T10:09:45 IST" duration-ms="5951" status="PASS">
          <reporter-output>
          </reporter-output>
        </test-method> <!-- valiadteLogout -->
        <test-method signature="validateMenuTest()[pri:1, instance:com.wipro.testcases.ValidateMenu@5fb759d6]" started-at="2023-03-06T10:09:45 IST" name="validateMenuTest" finished-at="2023-03-06T10:09:59 IST" duration-ms="13608" status="PASS">
          <reporter-output>
          </reporter-output>
        </test-method> <!-- validateMenuTest -->
        <test-method is-config="true" signature="afterClass()[pri:0, instance:com.wipro.testcases.ValidateMenu@5fb759d6]" started-at="2023-03-06T10:09:59 IST" name="afterClass" finished-at="2023-03-06T10:10:04 IST" duration-ms="5451" status="PASS">
          <reporter-output>
          </reporter-output>
        </test-method> <!-- afterClass -->
      </class> <!-- com.wipro.testcases.ValidateMenu -->
    </test> <!-- Test -->
  </suite> <!-- Suite -->
</testng-results>
